<?xml version="1.0" encoding="UTF-8"?>
<testng-results ignored="2" total="4" passed="2" failed="0" skipped="0">
  <reporter-output>
  </reporter-output>
  <suite started-at="2023-12-09T20:42:52 IST" name="test1" finished-at="2023-12-09T20:43:09 IST" duration-ms="17312">
    <groups>
    </groups>
    <test started-at="2023-12-09T20:42:52 IST" name="BookSwagOnReport" finished-at="2023-12-09T20:43:09 IST" duration-ms="17312">
      <class name="steps.SearchAndTodaysDealsteps">
        <test-method is-config="true" signature="setup()[pri:0, instance:steps.SearchAndTodaysDealsteps@50378a4]" started-at="2023-12-09T20:42:52 IST" name="setup" finished-at="2023-12-09T20:43:00 IST" duration-ms="8615" status="PASS">
          <reporter-output>
          </reporter-output>
        </test-method> <!-- setup -->
        <test-method signature="search(java.lang.String,java.lang.String,java.lang.String)[pri:49, instance:steps.SearchAndTodaysDealsteps@50378a4]" started-at="2023-12-09T20:43:01 IST" name="search" data-provider="testdata" finished-at="2023-12-09T20:43:06 IST" duration-ms="5750" status="PASS">
          <params>
            <param index="0">
              <value>
                <![CDATA[Beyond The Story: 10-Year Record of BTS\\r\\n]]>
              </value>
            </param>
            <param index="1">
              <value>
                <![CDATA[vijayvel10301@gmail.com]]>
              </value>
            </param>
            <param index="2">
              <value>
                <![CDATA[group@123]]>
              </value>
            </param>
          </params>
          <reporter-output>
          </reporter-output>
        </test-method> <!-- search -->
        <test-method is-config="true" signature="generateTestStatus(java.lang.reflect.Method,org.testng.ITestResult)[pri:0, instance:steps.SearchAndTodaysDealsteps@50378a4]" started-at="2023-12-09T20:43:06 IST" name="generateTestStatus" finished-at="2023-12-09T20:43:06 IST" duration-ms="12" status="PASS">
          <params>
            <param index="0">
              <value>
                <![CDATA[public void steps.SearchAndTodaysDealsteps.search(java.lang.String,java.lang.String,java.lang.String) throws java.net.MalformedURLException,java.lang.InterruptedException]]>
              </value>
            </param>
            <param index="1">
              <value>
                <![CDATA[[TestResult name=search status=SUCCESS method=SearchAndTodaysDealsteps.search(java.lang.String,java.lang.String,java.lang.String)[pri:49, instance:steps.SearchAndTodaysDealsteps@50378a4] output={null}]]]>
              </value>
            </param>
          </params>
          <reporter-output>
          </reporter-output>
        </test-method> <!-- generateTestStatus -->
        <test-method signature="dealstoday()[pri:50, instance:steps.SearchAndTodaysDealsteps@50378a4]" started-at="2023-12-09T20:43:06 IST" name="dealstoday" finished-at="2023-12-09T20:43:09 IST" duration-ms="2241" status="PASS">
          <reporter-output>
          </reporter-output>
        </test-method> <!-- dealstoday -->
        <test-method is-config="true" signature="generateTestStatus(java.lang.reflect.Method,org.testng.ITestResult)[pri:0, instance:steps.SearchAndTodaysDealsteps@50378a4]" started-at="2023-12-09T20:43:09 IST" name="generateTestStatus" finished-at="2023-12-09T20:43:09 IST" duration-ms="1" status="PASS">
          <params>
            <param index="0">
              <value>
                <![CDATA[public void steps.SearchAndTodaysDealsteps.dealstoday() throws java.lang.InterruptedException,java.io.IOException]]>
              </value>
            </param>
            <param index="1">
              <value>
                <![CDATA[[TestResult name=dealstoday status=SUCCESS method=SearchAndTodaysDealsteps.dealstoday()[pri:50, instance:steps.SearchAndTodaysDealsteps@50378a4] output={null}]]]>
              </value>
            </param>
          </params>
          <reporter-output>
          </reporter-output>
        </test-method> <!-- generateTestStatus -->
        <test-method is-config="true" signature="generateReports()[pri:0, instance:steps.SearchAndTodaysDealsteps@50378a4]" started-at="2023-12-09T20:43:09 IST" name="generateReports" finished-at="2023-12-09T20:43:09 IST" duration-ms="135" status="PASS">
          <reporter-output>
          </reporter-output>
        </test-method> <!-- generateReports -->
      </class> <!-- steps.SearchAndTodaysDealsteps -->
      <class name="steps.SharedStep">
        <test-method is-config="true" signature="InitalizeExtentReport()[pri:0, instance:steps.SharedStep@4b8d604b]" started-at="2023-12-09T20:42:51 IST" name="InitalizeExtentReport" finished-at="2023-12-09T20:42:52 IST" duration-ms="267" status="PASS">
          <reporter-output>
          </reporter-output>
        </test-method> <!-- InitalizeExtentReport -->
        <test-method is-config="true" signature="getnameMethod(org.testng.ITestContext)[pri:0, instance:steps.SharedStep@4b8d604b]" started-at="2023-12-09T20:42:52 IST" name="getnameMethod" finished-at="2023-12-09T20:42:52 IST" duration-ms="13" status="PASS">
          <params>
            <param index="0">
              <value>
                <![CDATA[org.testng.TestRunner@5a566922]]>
              </value>
            </param>
          </params>
          <reporter-output>
          </reporter-output>
        </test-method> <!-- getnameMethod -->
        <test-method is-config="true" signature="generateReports()[pri:0, instance:steps.SharedStep@4b8d604b]" started-at="2023-12-09T20:43:09 IST" name="generateReports" finished-at="2023-12-09T20:43:10 IST" duration-ms="702" status="PASS">
          <reporter-output>
          </reporter-output>
        </test-method> <!-- generateReports -->
      </class> <!-- steps.SharedStep -->
    </test> <!-- BookSwagOnReport -->
  </suite> <!-- test1 -->
</testng-results>
