<?xml version="1.0" encoding="UTF-8"?>
<!-- Generated by org.testng.reporters.JUnitXMLReporter -->
<testsuite ignored="2" hostname="LAPTOP-DK38VD03" failures="0" tests="2" name="BookSwagOnReport" time="17.312" errors="0" timestamp="2023-12-09T20:43:09 IST">
  <testcase classname="steps.SearchAndTodaysDealsteps" name="search" time="5.75"/>
  <testcase classname="steps.SearchAndTodaysDealsteps" name="dealstoday" time="2.241"/>
  <testcase classname="steps.SharedStep" name="@BeforeSuite InitalizeExtentReport" time="0.0">
    <ignored/>
  </testcase> <!-- @BeforeSuite InitalizeExtentReport -->
  <testcase classname="steps.SharedStep" name="@BeforeTest getnameMethod" time="0.0">
    <ignored/>
  </testcase> <!-- @BeforeTest getnameMethod -->
</testsuite> <!-- BookSwagOnReport -->
